<?xml version="1.0" encoding="UTF-8"?>
<testsuite xmlns:xsi="http://www.w3.org/2001/XMLSchema-instance" xsi:schemaLocation="https://maven.apache.org/surefire/maven-surefire-plugin/xsd/surefire-test-report.xsd" name="org.generation.calculator.CalcolatriceTest" time="0.009" tests="4" errors="0" skipped="0" failures="0">
  <properties>
[...]
</properties>
  <testcase name="subTest" classname="org.generation.calculator.CalcolatriceTest" time="0.005"/>
  <testcase name="addTest" classname="org.generation.calculator.CalcolatriceTest" time="0"/>
  <testcase name="mulTest" classname="org.generation.calculator.CalcolatriceTest" time="0"/>
  <testcase name="divTest" classname="org.generation.calculator.CalcolatriceTest" time="0"/>
</testsuite>